<?xml version="1.0" encoding="UTF-8"?>
<!-- Generated by org.testng.reporters.JUnitReportReporter -->
<testsuite hostname="DESKTOP-65VD1U3" name="Portal_Test.MainTests" tests="1" failures="0" timestamp="8 Sep 2019 14:48:35 GMT" time="13.189" errors="0">
  <testcase name="Test_Email" time="13.189" classname="Portal_Test.MainTests"/>
</testsuite> <!-- Portal_Test.MainTests -->
