<?xml version="1.0" encoding="UTF-8"?>
<!-- Generated by org.testng.reporters.JUnitReportReporter -->
<testsuite hostname="DESKTOP-65VD1U3" name="Portal_Test.MainTests" tests="1" failures="0" timestamp="4 Sep 2019 13:53:46 GMT" time="10.034" errors="0">
  <testcase name="reset_password" time="10.034" classname="Portal_Test.MainTests"/>
</testsuite> <!-- Portal_Test.MainTests -->
