<?xml version="1.0" encoding="UTF-8"?>
<!-- Generated by org.testng.reporters.JUnitReportReporter -->
<testsuite hostname="DESKTOP-65VD1U3" name="Portal_Test.MainTests" tests="1" failures="0" timestamp="10 Sep 2019 14:43:01 GMT" time="14.550" errors="0">
  <testcase name="Inventory_Stocking" time="14.550" classname="Portal_Test.MainTests"/>
</testsuite> <!-- Portal_Test.MainTests -->
