<?xml version="1.0" encoding="UTF-8"?>
<!-- Generated by org.testng.reporters.JUnitReportReporter -->
<testsuite hostname="DESKTOP-65VD1U3" name="Portal_Test.MainTests" tests="1" failures="0" timestamp="5 Sep 2019 11:52:08 GMT" time="10.544" errors="0">
  <testcase name="Add_New_Group" time="10.544" classname="Portal_Test.MainTests"/>
</testsuite> <!-- Portal_Test.MainTests -->
